#
# There is insufficient memory for the Java Runtime Environment to continue.
# Native memory allocation (malloc) failed to allocate 32784 bytes. Error detail: Chunk::new
# Possible reasons:
#   The system is out of physical RAM or swap space
#   This process is running with CompressedOops enabled, and the Java Heap may be blocking the growth of the native heap
# Possible solutions:
#   Reduce memory load on the system
#   Increase physical memory or swap space
#   Check if swap backing store is full
#   Decrease Java heap size (-Xmx/-Xms)
#   Decrease number of Java threads
#   Decrease Java thread stack sizes (-Xss)
#   Set larger code cache with -XX:ReservedCodeCacheSize=
#   JVM is running with Zero Based Compressed Oops mode in which the Java heap is
#     placed in the first 32GB address space. The Java Heap base address is the
#     maximum limit for the native heap growth. Please use -XX:HeapBaseMinAddress
#     to set the Java Heap base and to place the Java Heap above 32GB virtual address.
# This output file may be truncated or incomplete.
#
#  Out of Memory Error (arena.cpp:191), pid=6968, tid=17916
#
# JRE version: OpenJDK Runtime Environment Microsoft-11369865 (17.0.15+6) (build 17.0.15+6-LTS)
# Java VM: OpenJDK 64-Bit Server VM Microsoft-11369865 (17.0.15+6-LTS, mixed mode, sharing, tiered, compressed oops, compressed class ptrs, g1 gc, windows-amd64)
# No core dump will be written. Minidumps are not enabled by default on client versions of Windows
#

---------------  S U M M A R Y ------------

Command Line: C:\Users\ASUS\AppData\Local\Temp\surefire375848671600241277\surefirebooter-20260406113800476_3.jar C:\Users\ASUS\AppData\Local\Temp\surefire375848671600241277 2026-04-06T11-38-00_096-jvmRun1 surefire-20260406113800476_1tmp surefire_0-20260406113800476_2tmp

Host: AMD Ryzen 7 6800H with Radeon Graphics         , 16 cores, 15G,  Windows 11 , 64 bit Build 26100 (10.0.26100.7920)
Time: Mon Apr  6 11:38:04 2026 India Standard Time elapsed time: 4.166027 seconds (0d 0h 0m 4s)

---------------  T H R E A D  ---------------

Current thread (0x0000019806035b40):  JavaThread "C2 CompilerThread0" daemon [_thread_in_native, id=17916, stack(0x0000008714000000,0x0000008714100000)]


Current CompileTask:
C2:   4166 2862       4       jdk.internal.org.objectweb.asm.SymbolTable::addType (81 bytes)

Stack: [0x0000008714000000,0x0000008714100000]
Native frames: (J=compiled Java code, j=interpreted, Vv=VM code, C=native code)
V  [jvm.dll+0x6887a9]
V  [jvm.dll+0x83f5a8]
V  [jvm.dll+0x841053]
V  [jvm.dll+0x8416c3]
V  [jvm.dll+0x2496ef]
V  [jvm.dll+0xad134]
V  [jvm.dll+0xad7cc]
V  [jvm.dll+0xad244]
V  [jvm.dll+0x6df31c]
V  [jvm.dll+0x598587]
V  [jvm.dll+0x5955de]
V  [jvm.dll+0x591284]
V  [jvm.dll+0x591324]
V  [jvm.dll+0x58eab3]
V  [jvm.dll+0x223972]
V  [jvm.dll+0x21c105]
V  [jvm.dll+0x219c3b]
V  [jvm.dll+0x1a55f6]
V  [jvm.dll+0x22a39a]
V  [jvm.dll+0x2284db]
V  [jvm.dll+0x7f4e28]
V  [jvm.dll+0x7ef2dc]
V  [jvm.dll+0x687687]
C  [ucrtbase.dll+0x37b0]
C  [KERNEL32.DLL+0x2e8d7]
C  [ntdll.dll+0x8c48c]


---------------  P R O C E S S  ---------------

Threads class SMR info:
_java_thread_list=0x000001980ca6d8a0, length=21, elements={
0x00000197a193a010, 0x000001980600d2c0, 0x000001980600dc80, 0x0000019806027490,
0x0000019806027d60, 0x000001980602a640, 0x000001980602bf20, 0x0000019806035b40,
0x000001980603c970, 0x000001980603d280, 0x00000198061025e0, 0x00000197c4bd5b50,
0x00000198061d9490, 0x00000198061e4c10, 0x00000198067251e0, 0x000001980671b630,
0x000001980c041c70, 0x000001980c042690, 0x000001980c042180, 0x000001980c042ba0,
0x000001980c0430b0
}

Java Threads: ( => current thread )
  0x00000197a193a010 JavaThread "Forwarding newSession on session null to remote" [_thread_in_vm, id=37416, stack(0x0000008713300000,0x0000008713400000)]
  0x000001980600d2c0 JavaThread "Reference Handler" daemon [_thread_blocked, id=38820, stack(0x0000008713a00000,0x0000008713b00000)]
  0x000001980600dc80 JavaThread "Finalizer" daemon [_thread_blocked, id=22284, stack(0x0000008713b00000,0x0000008713c00000)]
  0x0000019806027490 JavaThread "Signal Dispatcher" daemon [_thread_blocked, id=22512, stack(0x0000008713c00000,0x0000008713d00000)]
  0x0000019806027d60 JavaThread "Attach Listener" daemon [_thread_blocked, id=4632, stack(0x0000008713d00000,0x0000008713e00000)]
  0x000001980602a640 JavaThread "Service Thread" daemon [_thread_blocked, id=42412, stack(0x0000008713e00000,0x0000008713f00000)]
  0x000001980602bf20 JavaThread "Monitor Deflation Thread" daemon [_thread_blocked, id=42260, stack(0x0000008713f00000,0x0000008714000000)]
=>0x0000019806035b40 JavaThread "C2 CompilerThread0" daemon [_thread_in_native, id=17916, stack(0x0000008714000000,0x0000008714100000)]
  0x000001980603c970 JavaThread "C1 CompilerThread0" daemon [_thread_blocked, id=15980, stack(0x0000008714100000,0x0000008714200000)]
  0x000001980603d280 JavaThread "Sweeper thread" daemon [_thread_blocked, id=41284, stack(0x0000008714200000,0x0000008714300000)]
  0x00000198061025e0 JavaThread "C1 CompilerThread1" daemon [_thread_blocked, id=22644, stack(0x0000008714300000,0x0000008714400000)]
  0x00000197c4bd5b50 JavaThread "C1 CompilerThread2" daemon [_thread_blocked, id=29984, stack(0x0000008714400000,0x0000008714500000)]
  0x00000198061d9490 JavaThread "Notification Thread" daemon [_thread_blocked, id=2336, stack(0x0000008714500000,0x0000008714600000)]
  0x00000198061e4c10 JavaThread "Common-Cleaner" daemon [_thread_blocked, id=36788, stack(0x0000008714700000,0x0000008714800000)]
  0x00000198067251e0 JavaThread "surefire-forkedjvm-stream-flusher" daemon [_thread_blocked, id=38384, stack(0x0000008714900000,0x0000008714a00000)]
  0x000001980671b630 JavaThread "surefire-forkedjvm-command-thread" daemon [_thread_in_native, id=33952, stack(0x0000008714a00000,0x0000008714b00000)]
  0x000001980c041c70 JavaThread "ForkJoinPool.commonPool-worker-1" daemon [_thread_blocked, id=21244, stack(0x0000008715700000,0x0000008715800000)]
  0x000001980c042690 JavaThread "HttpClient-1-SelectorManager" daemon [_thread_in_native, id=16812, stack(0x0000008715c00000,0x0000008715d00000)]
  0x000001980c042180 JavaThread "pool-2-thread-1" [_thread_blocked, id=28604, stack(0x0000008715d00000,0x0000008715e00000)]
  0x000001980c042ba0 JavaThread "pool-2-thread-2" [_thread_blocked, id=13456, stack(0x0000008715f00000,0x0000008716000000)]
  0x000001980c0430b0 JavaThread "pool-2-thread-3" [_thread_blocked, id=41412, stack(0x0000008716000000,0x0000008716100000)]

Other Threads:
  0x0000019806007080 VMThread "VM Thread" [stack: 0x0000008713900000,0x0000008713a00000] [id=14532]
  0x00000198061df990 WatcherThread [stack: 0x0000008714600000,0x0000008714700000] [id=11764]
  0x00000197a19a72c0 GCTaskThread "GC Thread#0" [stack: 0x0000008713400000,0x0000008713500000] [id=35996]
  0x00000198069b2c80 GCTaskThread "GC Thread#1" [stack: 0x0000008714d00000,0x0000008714e00000] [id=37564]
  0x000001980b432fa0 GCTaskThread "GC Thread#2" [stack: 0x0000008714e00000,0x0000008714f00000] [id=28372]
  0x000001980b2ec4d0 GCTaskThread "GC Thread#3" [stack: 0x0000008714f00000,0x0000008715000000] [id=39652]
  0x000001980b2ec790 GCTaskThread "GC Thread#4" [stack: 0x0000008715000000,0x0000008715100000] [id=24444]
  0x000001980c1ef830 GCTaskThread "GC Thread#5" [stack: 0x0000008715100000,0x0000008715200000] [id=14524]
  0x000001980b12a250 GCTaskThread "GC Thread#6" [stack: 0x0000008715200000,0x0000008715300000] [id=39920]
  0x000001980b12a510 GCTaskThread "GC Thread#7" [stack: 0x0000008715300000,0x0000008715400000] [id=19856]
  0x000001980bc57ad0 GCTaskThread "GC Thread#8" [stack: 0x0000008715400000,0x0000008715500000] [id=15032]
  0x000001980b751a70 GCTaskThread "GC Thread#9" [stack: 0x0000008715500000,0x0000008715600000] [id=17512]
  0x000001980c2dc7c0 GCTaskThread "GC Thread#10" [stack: 0x0000008715600000,0x0000008715700000] [id=12012]
  0x000001980bd79c70 GCTaskThread "GC Thread#11" [stack: 0x0000008715800000,0x0000008715900000] [id=23464]
  0x000001980be200a0 GCTaskThread "GC Thread#12" [stack: 0x0000008715900000,0x0000008715a00000] [id=38916]
  0x00000197a19b7550 ConcurrentGCThread "G1 Main Marker" [stack: 0x0000008713500000,0x0000008713600000] [id=25064]
  0x00000197a19b7e70 ConcurrentGCThread "G1 Conc#0" [stack: 0x0000008713600000,0x0000008713700000] [id=29004]
  0x000001980c03b600 ConcurrentGCThread "G1 Conc#1" [stack: 0x0000008715a00000,0x0000008715b00000] [id=3384]
  0x000001980bd1ded0 ConcurrentGCThread "G1 Conc#2" [stack: 0x0000008715b00000,0x0000008715c00000] [id=17712]
  0x00000197c4aa1290 ConcurrentGCThread "G1 Refine#0" [stack: 0x0000008713700000,0x0000008713800000] [id=39116]
  0x00000197c4aa2a70 ConcurrentGCThread "G1 Service" [stack: 0x0000008713800000,0x0000008713900000] [id=40576]

Threads with active compile tasks:
C2 CompilerThread0     4199 2862       4       jdk.internal.org.objectweb.asm.SymbolTable::addType (81 bytes)

VM state: not at safepoint (normal execution)

VM Mutex/Monitor currently owned by a thread: None

Heap address: 0x000000070bc00000, size: 3908 MB, Compressed Oops mode: Zero based, Oop shift amount: 3

CDS archive(s) mapped at: [0x00000197c5000000-0x00000197c5bb0000-0x00000197c5bb0000), size 12255232, SharedBaseAddress: 0x00000197c5000000, ArchiveRelocationMode: 1.
Compressed class space mapped at: 0x00000197c6000000-0x0000019806000000, reserved size: 1073741824
Narrow klass base: 0x00000197c5000000, Narrow klass shift: 0, Narrow klass range: 0x100000000

GC Precious Log:
 CPUs: 16 total, 16 available
 Memory: 15628M
 Large Page Support: Disabled
 NUMA Support: Disabled
 Compressed Oops: Enabled (Zero based)
 Heap Region Size: 2M
 Heap Min Capacity: 8M
 Heap Initial Capacity: 246M
 Heap Max Capacity: 3908M
 Pre-touch: Disabled
 Parallel Workers: 13
 Concurrent Workers: 3
 Concurrent Refinement Workers: 13
 Periodic GC: Disabled

Heap:
 garbage-first heap   total 55296K, used 22784K [0x000000070bc00000, 0x0000000800000000)
  region size 2048K, 9 young (18432K), 3 survivors (6144K)
 Metaspace       used 24556K, committed 24960K, reserved 1114112K
  class space    used 3082K, committed 3264K, reserved 1048576K

Heap Regions: E=young(eden), S=young(survivor), O=old, HS=humongous(starts), HC=humongous(continues), CS=collection set, F=free, OA=open archive, CA=closed archive, TAMS=top-at-mark-start (previous, next)
|   0|0x000000070bc00000, 0x000000070be00000, 0x000000070be00000|100%| O|  |TAMS 0x000000070be00000, 0x000000070bc00000| Untracked 
|   1|0x000000070be00000, 0x000000070c000000, 0x000000070c000000|100%| O|  |TAMS 0x000000070c000000, 0x000000070be00000| Untracked 
|   2|0x000000070c000000, 0x000000070c200000, 0x000000070c200000|100%| O|  |TAMS 0x000000070c200000, 0x000000070c000000| Untracked 
|   3|0x000000070c200000, 0x000000070c331a00, 0x000000070c400000| 59%| O|  |TAMS 0x000000070c331a00, 0x000000070c200000| Complete 
|   4|0x000000070c400000, 0x000000070c400000, 0x000000070c600000|  0%| F|  |TAMS 0x000000070c400000, 0x000000070c400000| Untracked 
|   5|0x000000070c600000, 0x000000070c600000, 0x000000070c800000|  0%| F|  |TAMS 0x000000070c600000, 0x000000070c600000| Untracked 
|   6|0x000000070c800000, 0x000000070c800000, 0x000000070ca00000|  0%| F|  |TAMS 0x000000070c800000, 0x000000070c800000| Untracked 
|   7|0x000000070ca00000, 0x000000070ca00000, 0x000000070cc00000|  0%| F|  |TAMS 0x000000070ca00000, 0x000000070ca00000| Untracked 
|   8|0x000000070cc00000, 0x000000070cc00000, 0x000000070ce00000|  0%| F|  |TAMS 0x000000070cc00000, 0x000000070cc00000| Untracked 
|   9|0x000000070ce00000, 0x000000070ce00000, 0x000000070d000000|  0%| F|  |TAMS 0x000000070ce00000, 0x000000070ce00000| Untracked 
|  10|0x000000070d000000, 0x000000070d000000, 0x000000070d200000|  0%| F|  |TAMS 0x000000070d000000, 0x000000070d000000| Untracked 
|  11|0x000000070d200000, 0x000000070d200000, 0x000000070d400000|  0%| F|  |TAMS 0x000000070d200000, 0x000000070d200000| Untracked 
|  12|0x000000070d400000, 0x000000070d400000, 0x000000070d600000|  0%| F|  |TAMS 0x000000070d400000, 0x000000070d400000| Untracked 
|  13|0x000000070d600000, 0x000000070d600000, 0x000000070d800000|  0%| F|  |TAMS 0x000000070d600000, 0x000000070d600000| Untracked 
|  14|0x000000070d800000, 0x000000070d800000, 0x000000070da00000|  0%| F|  |TAMS 0x000000070d800000, 0x000000070d800000| Untracked 
|  15|0x000000070da00000, 0x000000070da00000, 0x000000070dc00000|  0%| F|  |TAMS 0x000000070da00000, 0x000000070da00000| Untracked 
|  16|0x000000070dc00000, 0x000000070dc00000, 0x000000070de00000|  0%| F|  |TAMS 0x000000070dc00000, 0x000000070dc00000| Untracked 
|  17|0x000000070de00000, 0x000000070de00000, 0x000000070e000000|  0%| F|  |TAMS 0x000000070de00000, 0x000000070de00000| Untracked 
|  18|0x000000070e000000, 0x000000070e1779b8, 0x000000070e200000| 73%| E|  |TAMS 0x000000070e000000, 0x000000070e000000| Complete 
|  19|0x000000070e200000, 0x000000070e400000, 0x000000070e400000|100%| E|CS|TAMS 0x000000070e200000, 0x000000070e200000| Complete 
|  20|0x000000070e400000, 0x000000070e600000, 0x000000070e600000|100%| E|CS|TAMS 0x000000070e400000, 0x000000070e400000| Complete 
|  21|0x000000070e600000, 0x000000070e800000, 0x000000070e800000|100%| E|CS|TAMS 0x000000070e600000, 0x000000070e600000| Complete 
|  22|0x000000070e800000, 0x000000070ea00000, 0x000000070ea00000|100%| E|CS|TAMS 0x000000070e800000, 0x000000070e800000| Complete 
|  99|0x0000000718200000, 0x000000071830e630, 0x0000000718400000| 52%| S|CS|TAMS 0x0000000718200000, 0x0000000718200000| Complete 
| 100|0x0000000718400000, 0x0000000718600000, 0x0000000718600000|100%| S|CS|TAMS 0x0000000718400000, 0x0000000718400000| Complete 
| 101|0x0000000718600000, 0x0000000718800000, 0x0000000718800000|100%| S|CS|TAMS 0x0000000718600000, 0x0000000718600000| Complete 
| 122|0x000000071b000000, 0x000000071b200000, 0x000000071b200000|100%| E|CS|TAMS 0x000000071b000000, 0x000000071b000000| Complete 

Card table byte_map: [0x00000197b94b0000,0x00000197b9c60000] _byte_map_base: 0x00000197b5c52000

Marking Bits (Prev, Next): (CMBitMap*) 0x00000197a19a7820, (CMBitMap*) 0x00000197a19a77e0
 Prev Bits: [0x00000197be120000, 0x00000197c1e30000)
 Next Bits: [0x00000197ba410000, 0x00000197be120000)

Polling page: 0x000001979f940000

Metaspace:

Usage:
  Non-class:     20.98 MB used.
      Class:      3.01 MB used.
       Both:     23.99 MB used.

Virtual space:
  Non-class space:       64.00 MB reserved,      21.19 MB ( 33%) committed,  1 nodes.
      Class space:        1.00 GB reserved,       3.19 MB ( <1%) committed,  1 nodes.
             Both:        1.06 GB reserved,      24.38 MB (  2%) committed. 

Chunk freelists:
   Non-Class:  10.02 MB
       Class:  12.83 MB
        Both:  22.84 MB

MaxMetaspaceSize: unlimited
CompressedClassSpaceSize: 1.00 GB
Initial GC threshold: 21.00 MB
Current GC threshold: 35.25 MB
CDS: on
MetaspaceReclaimPolicy: balanced
 - commit_granule_bytes: 65536.
 - commit_granule_words: 8192.
 - virtual_space_node_default_size: 8388608.
 - enlarge_chunks_in_place: 1.
 - new_chunks_are_fully_committed: 0.
 - uncommit_free_chunks: 1.
 - use_allocation_guard: 0.
 - handle_deallocations: 1.


Internal statistics:

num_allocs_failed_limit: 3.
num_arena_births: 408.
num_arena_deaths: 0.
num_vsnodes_births: 2.
num_vsnodes_deaths: 0.
num_space_committed: 390.
num_space_uncommitted: 0.
num_chunks_returned_to_freelist: 3.
num_chunks_taken_from_freelist: 1153.
num_chunk_merges: 3.
num_chunk_splits: 785.
num_chunks_enlarged: 559.
num_inconsistent_stats: 0.

CodeHeap 'non-profiled nmethods': size=119168Kb used=1279Kb max_used=1279Kb free=117888Kb
 bounds [0x00000197b1020000, 0x00000197b1290000, 0x00000197b8480000]
CodeHeap 'profiled nmethods': size=119104Kb used=5923Kb max_used=5923Kb free=113180Kb
 bounds [0x00000197a9480000, 0x00000197a9a50000, 0x00000197b08d0000]
CodeHeap 'non-nmethods': size=7488Kb used=2392Kb max_used=2988Kb free=5095Kb
 bounds [0x00000197b08d0000, 0x00000197b0bd0000, 0x00000197b1020000]
 total_blobs=3461 nmethods=2879 adapters=491
 compilation: enabled
              stopped_count=0, restarted_count=0
 full_count=0

Compilation events (20 events):
Event: 3.239 Thread 0x00000198061025e0 nmethod 2857 0x00000197a9a3e490 code [0x00000197a9a3e740, 0x00000197a9a3f418]
Event: 3.358 Thread 0x000001980c4c6500 nmethod 2855 0x00000197b114b910 code [0x00000197b114bba0, 0x00000197b114f200]
Event: 3.394 Thread 0x000001980648fca0 nmethod 2780 0x00000197b1150890 code [0x00000197b1150f00, 0x00000197b1159f80]
Event: 4.148 Thread 0x00000197c4bd5b50 2858       1       jdk.internal.net.http.common.DebugLogger::on (5 bytes)
Event: 4.148 Thread 0x00000197c4bd5b50 nmethod 2858 0x00000197b115ef10 code [0x00000197b115f0a0, 0x00000197b115f178]
Event: 4.149 Thread 0x00000197c4bd5b50 2859       3       java.nio.HeapByteBuffer::get (14 bytes)
Event: 4.149 Thread 0x00000197c4bd5b50 nmethod 2859 0x00000197a9a3f890 code [0x00000197a9a3fa40, 0x00000197a9a3fd88]
Event: 4.157 Thread 0x0000019806035b40 2862       4       jdk.internal.org.objectweb.asm.SymbolTable::addType (81 bytes)
Event: 4.158 Thread 0x00000197c4bd5b50 2865       3       java.util.Optional::of (12 bytes)
Event: 4.159 Thread 0x00000197c4bd5b50 nmethod 2865 0x00000197a9a3ff10 code [0x00000197a9a400e0, 0x00000197a9a404a8]
Event: 4.160 Thread 0x00000197c4bd5b50 2866       3       java.lang.invoke.DirectMethodHandle$Holder::invokeStatic (14 bytes)
Event: 4.160 Thread 0x000001980603c970 2867       3       java.lang.invoke.DirectMethodHandle$Holder::invokeStatic (17 bytes)
Event: 4.160 Thread 0x00000198061025e0 2868       3       java.lang.invoke.LambdaForm$MH/0x00000197c6039400::invoke (32 bytes)
Event: 4.160 Thread 0x00000197c4bd5b50 nmethod 2866 0x00000197a9a40610 code [0x00000197a9a407e0, 0x00000197a9a40d18]
Event: 4.160 Thread 0x00000198061025e0 nmethod 2868 0x00000197a9a40e10 code [0x00000197a9a40fe0, 0x00000197a9a414d8]
Event: 4.160 Thread 0x00000197c4bd5b50 2869       3       java.lang.invoke.DirectMethodHandle$Holder::invokeStatic (21 bytes)
Event: 4.160 Thread 0x00000198061025e0 2870       3       java.lang.StringConcatHelper::prepend (22 bytes)
Event: 4.160 Thread 0x000001980603c970 nmethod 2867 0x00000197a9a41610 code [0x00000197a9a417e0, 0x00000197a9a41cb8]
Event: 4.161 Thread 0x00000197c4bd5b50 nmethod 2869 0x00000197a9a41e10 code [0x00000197a9a41fe0, 0x00000197a9a424f8]
Event: 4.161 Thread 0x00000198061025e0 nmethod 2870 0x00000197a9a42610 code [0x00000197a9a427c0, 0x00000197a9a42958]

GC Heap History (6 events):
Event: 0.915 GC heap before
{Heap before GC invocations=0 (full 0):
 garbage-first heap   total 251904K, used 20480K [0x000000070bc00000, 0x0000000800000000)
  region size 2048K, 11 young (22528K), 0 survivors (0K)
 Metaspace       used 5053K, committed 5312K, reserved 1114112K
  class space    used 525K, committed 640K, reserved 1048576K
}
Event: 0.921 GC heap after
{Heap after GC invocations=1 (full 0):
 garbage-first heap   total 251904K, used 7446K [0x000000070bc00000, 0x0000000800000000)
  region size 2048K, 2 young (4096K), 2 survivors (4096K)
 Metaspace       used 5053K, committed 5312K, reserved 1114112K
  class space    used 525K, committed 640K, reserved 1048576K
}
Event: 1.611 GC heap before
{Heap before GC invocations=1 (full 0):
 garbage-first heap   total 251904K, used 29974K [0x000000070bc00000, 0x0000000800000000)
  region size 2048K, 13 young (26624K), 2 survivors (4096K)
 Metaspace       used 10322K, committed 10624K, reserved 1114112K
  class space    used 1165K, committed 1344K, reserved 1048576K
}
Event: 1.616 GC heap after
{Heap after GC invocations=2 (full 0):
 garbage-first heap   total 251904K, used 8371K [0x000000070bc00000, 0x0000000800000000)
  region size 2048K, 1 young (2048K), 1 survivors (2048K)
 Metaspace       used 10322K, committed 10624K, reserved 1114112K
  class space    used 1165K, committed 1344K, reserved 1048576K
}
Event: 2.936 GC heap before
{Heap before GC invocations=2 (full 0):
 garbage-first heap   total 251904K, used 47283K [0x000000070bc00000, 0x0000000800000000)
  region size 2048K, 21 young (43008K), 1 survivors (2048K)
 Metaspace       used 21142K, committed 21504K, reserved 1114112K
  class space    used 2559K, committed 2752K, reserved 1048576K
}
Event: 2.943 GC heap after
{Heap after GC invocations=3 (full 0):
 garbage-first heap   total 251904K, used 12544K [0x000000070bc00000, 0x0000000800000000)
  region size 2048K, 3 young (6144K), 3 survivors (6144K)
 Metaspace       used 21142K, committed 21504K, reserved 1114112K
  class space    used 2559K, committed 2752K, reserved 1048576K
}

Dll operation events (11 events):
Event: 0.009 Loaded shared library C:\Program Files\Microsoft\jdk-17.0.15.6-hotspot\bin\java.dll
Event: 0.025 Loaded shared library C:\Program Files\Microsoft\jdk-17.0.15.6-hotspot\bin\jsvml.dll
Event: 0.056 Loaded shared library C:\Program Files\Microsoft\jdk-17.0.15.6-hotspot\bin\net.dll
Event: 0.059 Loaded shared library C:\Program Files\Microsoft\jdk-17.0.15.6-hotspot\bin\nio.dll
Event: 0.063 Loaded shared library C:\Program Files\Microsoft\jdk-17.0.15.6-hotspot\bin\zip.dll
Event: 0.133 Loaded shared library C:\Program Files\Microsoft\jdk-17.0.15.6-hotspot\bin\management.dll
Event: 0.138 Loaded shared library C:\Program Files\Microsoft\jdk-17.0.15.6-hotspot\bin\management_ext.dll
Event: 0.162 Loaded shared library C:\Program Files\Microsoft\jdk-17.0.15.6-hotspot\bin\jimage.dll
Event: 0.483 Loaded shared library C:\Program Files\Microsoft\jdk-17.0.15.6-hotspot\bin\verify.dll
Event: 2.955 Loaded shared library C:\Program Files\Microsoft\jdk-17.0.15.6-hotspot\bin\sunmscapi.dll
Event: 2.990 Loaded shared library C:\Program Files\Microsoft\jdk-17.0.15.6-hotspot\bin\extnet.dll

Deoptimization events (20 events):
Event: 2.909 Thread 0x00000197a193a010 DEOPT PACKING pc=0x00000197a99e87b8 sp=0x00000087133fa500
Event: 2.909 Thread 0x00000197a193a010 DEOPT UNPACKING pc=0x00000197b0927143 sp=0x00000087133f9980 mode 0
Event: 2.910 Thread 0x00000197a193a010 DEOPT PACKING pc=0x00000197a99e87b8 sp=0x00000087133fa500
Event: 2.910 Thread 0x00000197a193a010 DEOPT UNPACKING pc=0x00000197b0927143 sp=0x00000087133f9980 mode 0
Event: 2.910 Thread 0x00000197a193a010 DEOPT PACKING pc=0x00000197a99e87b8 sp=0x00000087133fa500
Event: 2.910 Thread 0x00000197a193a010 DEOPT UNPACKING pc=0x00000197b0927143 sp=0x00000087133f9980 mode 0
Event: 2.910 Thread 0x00000197a193a010 DEOPT PACKING pc=0x00000197a99e87b8 sp=0x00000087133fa500
Event: 2.910 Thread 0x00000197a193a010 DEOPT UNPACKING pc=0x00000197b0927143 sp=0x00000087133f9980 mode 0
Event: 2.911 Thread 0x00000197a193a010 DEOPT PACKING pc=0x00000197a99e87b8 sp=0x00000087133fa500
Event: 2.911 Thread 0x00000197a193a010 DEOPT UNPACKING pc=0x00000197b0927143 sp=0x00000087133f9980 mode 0
Event: 2.911 Thread 0x00000197a193a010 DEOPT PACKING pc=0x00000197a99e87b8 sp=0x00000087133fa500
Event: 2.911 Thread 0x00000197a193a010 DEOPT UNPACKING pc=0x00000197b0927143 sp=0x00000087133f9980 mode 0
Event: 2.947 Thread 0x00000197a193a010 Uncommon trap: trap_request=0xffffff45 fr.pc=0x00000197b1105f9c relative=0x000000000000019c
Event: 2.947 Thread 0x00000197a193a010 Uncommon trap: reason=unstable_if action=reinterpret pc=0x00000197b1105f9c method=java.util.HashMap.putVal(ILjava/lang/Object;Ljava/lang/Object;ZZ)Ljava/lang/Object; @ 162 c2
Event: 2.947 Thread 0x00000197a193a010 DEOPT PACKING pc=0x00000197b1105f9c sp=0x00000087133f8ca0
Event: 2.947 Thread 0x00000197a193a010 DEOPT UNPACKING pc=0x00000197b09269a3 sp=0x00000087133f8c30 mode 2
Event: 3.186 Thread 0x000001980c042180 Uncommon trap: trap_request=0xffffff45 fr.pc=0x00000197b10a3ae4 relative=0x0000000000000fc4
Event: 3.186 Thread 0x000001980c042180 Uncommon trap: reason=unstable_if action=reinterpret pc=0x00000197b10a3ae4 method=java.util.concurrent.ConcurrentHashMap.putVal(Ljava/lang/Object;Ljava/lang/Object;Z)Ljava/lang/Object; @ 148 c2
Event: 3.186 Thread 0x000001980c042180 DEOPT PACKING pc=0x00000197b10a3ae4 sp=0x0000008715dfe4c0
Event: 3.186 Thread 0x000001980c042180 DEOPT UNPACKING pc=0x00000197b09269a3 sp=0x0000008715dfe440 mode 2

Classes loaded (20 events):
Event: 3.240 Loading class sun/nio/ch/IOVecWrapper$Deallocator
Event: 3.240 Loading class sun/nio/ch/IOVecWrapper$Deallocator done
Event: 3.246 Loading class java/util/concurrent/CompletableFuture$UniApply
Event: 3.246 Loading class java/util/concurrent/CompletableFuture$UniApply done
Event: 4.147 Loading class java/nio/HeapByteBufferR
Event: 4.147 Loading class java/nio/HeapByteBufferR done
Event: 4.150 Loading class java/util/LinkedList$DescendingIterator
Event: 4.150 Loading class java/util/LinkedList$DescendingIterator done
Event: 4.153 Loading class java/util/stream/ReferencePipeline$5
Event: 4.153 Loading class java/util/stream/LongPipeline$StatelessOp
Event: 4.153 Loading class java/util/stream/LongPipeline
Event: 4.154 Loading class java/util/stream/LongPipeline done
Event: 4.154 Loading class java/util/stream/LongPipeline$StatelessOp done
Event: 4.154 Loading class java/util/stream/ReferencePipeline$5 done
Event: 4.154 Loading class java/util/stream/FindOps$FindSink$OfLong
Event: 4.154 Loading class java/util/stream/Sink$OfLong
Event: 4.154 Loading class java/util/stream/Sink$OfLong done
Event: 4.154 Loading class java/util/stream/FindOps$FindSink$OfLong done
Event: 4.155 Loading class java/util/stream/ReferencePipeline$5$1
Event: 4.155 Loading class java/util/stream/ReferencePipeline$5$1 done

Classes unloaded (0 events):
No events

Classes redefined (0 events):
No events

Internal exceptions (20 events):
Event: 2.566 Thread 0x00000197a193a010 Exception <a 'java/lang/ClassNotFoundException'{0x00000007195fdf98}: sun/util/logging/resources/spi/loggingProvider> (0x00000007195fdf98) 
thrown [s\src\hotspot\share\classfile\systemDictionary.cpp, line 256]
Event: 2.618 Thread 0x00000197a193a010 Exception <a 'java/lang/IncompatibleClassChangeError'{0x00000007192ec828}: Found class java.lang.Object, but interface was expected> (0x00000007192ec828) 
thrown [s\src\hotspot\share\interpreter\linkResolver.cpp, line 826]
Event: 2.633 Thread 0x00000197a193a010 Exception <a 'java/lang/NoSuchMethodError'{0x000000071933df80}: 'void java.lang.invoke.DirectMethodHandle$Holder.invokeStaticInit(java.lang.Object, java.lang.Object, java.lang.Object)'> (0x000000071933df80) 
thrown [s\src\hotspot\share\interpreter\linkResolver.cpp, line 759]
Event: 2.665 Thread 0x00000197a193a010 Exception <a 'java/lang/NoSuchMethodError'{0x00000007190515e0}: 'java.lang.Object java.lang.invoke.DirectMethodHandle$Holder.newInvokeSpecial(java.lang.Object, java.lang.Object, int)'> (0x00000007190515e0) 
thrown [s\src\hotspot\share\interpreter\linkResolver.cpp, line 759]
Event: 2.713 Thread 0x00000197a193a010 Exception <a 'java/lang/NoSuchMethodError'{0x00000007191baff0}: 'java.lang.Object java.lang.invoke.DirectMethodHandle$Holder.invokeStaticInit(java.lang.Object, java.lang.Object, int)'> (0x00000007191baff0) 
thrown [s\src\hotspot\share\interpreter\linkResolver.cpp, line 759]
Event: 2.717 Thread 0x00000197a193a010 Exception <a 'java/lang/NoSuchMethodError'{0x00000007191dd7f0}: 'int java.lang.invoke.DirectMethodHandle$Holder.invokeSpecialIFC(java.lang.Object, java.lang.Object, java.lang.Object)'> (0x00000007191dd7f0) 
thrown [s\src\hotspot\share\interpreter\linkResolver.cpp, line 759]
Event: 2.765 Thread 0x00000197a193a010 Exception <a 'sun/nio/fs/WindowsException'{0x0000000718f1e128}> (0x0000000718f1e128) 
thrown [s\src\hotspot\share\prims\jni.cpp, line 516]
Event: 2.777 Thread 0x00000197a193a010 Exception <a 'java/lang/NoSuchMethodError'{0x0000000718f3d170}: 'int java.lang.invoke.DirectMethodHandle$Holder.invokeStaticInit(java.lang.Object, java.lang.Object, java.lang.Object, java.lang.Object)'> (0x0000000718f3d170) 
thrown [s\src\hotspot\share\interpreter\linkResolver.cpp, line 759]
Event: 3.011 Thread 0x00000197a193a010 Exception <a 'java/lang/NoSuchMethodError'{0x000000071b183b78}: 'java.lang.Object java.lang.invoke.DirectMethodHandle$Holder.invokeInterface(java.lang.Object, java.lang.Object, java.lang.Object, java.lang.Object)'> (0x000000071b183b78) 
thrown [s\src\hotspot\share\interpreter\linkResolver.cpp, line 759]
Event: 3.014 Thread 0x00000197a193a010 Exception <a 'java/lang/NoSuchMethodError'{0x000000071b190198}: 'void java.lang.invoke.DirectMethodHandle$Holder.invokeInterface(java.lang.Object, java.lang.Object, java.lang.Object)'> (0x000000071b190198) 
thrown [s\src\hotspot\share\interpreter\linkResolver.cpp, line 759]
Event: 3.016 Thread 0x00000197a193a010 Exception <a 'java/lang/IncompatibleClassChangeError'{0x000000071b1a3468}: Found class java.lang.Object, but interface was expected> (0x000000071b1a3468) 
thrown [s\src\hotspot\share\interpreter\linkResolver.cpp, line 826]
Event: 3.017 Thread 0x00000197a193a010 Exception <a 'java/lang/NoSuchMethodError'{0x000000071b1abc20}: 'int java.lang.invoke.DirectMethodHandle$Holder.invokeSpecialIFC(java.lang.Object, java.lang.Object, java.lang.Object, java.lang.Object)'> (0x000000071b1abc20) 
thrown [s\src\hotspot\share\interpreter\linkResolver.cpp, line 759]
Event: 3.074 Thread 0x00000197a193a010 Exception <a 'java/lang/NoSuchMethodError'{0x000000070e605a30}: 'double java.lang.invoke.DirectMethodHandle$Holder.invokeVirtual(java.lang.Object, java.lang.Object)'> (0x000000070e605a30) 
thrown [s\src\hotspot\share\interpreter\linkResolver.cpp, line 759]
Event: 3.075 Thread 0x00000197a193a010 Exception <a 'java/lang/NoSuchMethodError'{0x000000070e60c280}: 'float java.lang.invoke.DirectMethodHandle$Holder.invokeVirtual(java.lang.Object, java.lang.Object)'> (0x000000070e60c280) 
thrown [s\src\hotspot\share\interpreter\linkResolver.cpp, line 759]
Event: 3.076 Thread 0x00000197a193a010 Exception <a 'java/lang/NoSuchMethodError'{0x000000070e6154e8}: 'long java.lang.invoke.DirectMethodHandle$Holder.invokeVirtual(java.lang.Object, java.lang.Object)'> (0x000000070e6154e8) 
thrown [s\src\hotspot\share\interpreter\linkResolver.cpp, line 759]
Event: 3.115 Thread 0x00000197a193a010 Exception <a 'java/lang/NoSuchMethodError'{0x000000070e7a64b8}: 'java.lang.Object java.lang.invoke.DirectMethodHandle$Holder.newInvokeSpecial(java.lang.Object, java.lang.Object, int, int)'> (0x000000070e7a64b8) 
thrown [s\src\hotspot\share\interpreter\linkResolver.cpp, line 759]
Event: 3.116 Thread 0x00000197a193a010 Exception <a 'java/lang/NoSuchMethodError'{0x000000070e7b1208}: 'void java.lang.invoke.DirectMethodHandle$Holder.invokeStatic(java.lang.Object, java.lang.Object, int)'> (0x000000070e7b1208) 
thrown [s\src\hotspot\share\interpreter\linkResolver.cpp, line 759]
Event: 3.154 Thread 0x00000197a193a010 Exception <a 'java/lang/NoSuchMethodError'{0x000000070e53d520}: 'void java.lang.invoke.DirectMethodHandle$Holder.invokeInterface(java.lang.Object, java.lang.Object, java.lang.Object, java.lang.Object, java.lang.Object)'> (0x000000070e53d520) 
thrown [s\src\hotspot\share\interpreter\linkResolver.cpp, line 759]
Event: 3.163 Thread 0x00000197a193a010 Exception <a 'java/lang/NoSuchMethodError'{0x000000070e56d248}: 'void java.lang.invoke.DirectMethodHandle$Holder.invokeStatic(java.lang.Object, java.lang.Object, java.lang.Object, java.lang.Object, java.lang.Object, java.lang.Object, java.lang.Object)'> (0x000000070e56d248) 
thrown [s\src\hotspot\share\interpreter\linkResolver.cpp, line 759]
Event: 4.157 Thread 0x000001980c042180 Exception <a 'java/lang/NoSuchMethodError'{0x000000070e01eca8}: 'java.lang.Object java.lang.invoke.DirectMethodHandle$Holder.newInvokeSpecial(java.lang.Object, java.lang.Object, long, java.lang.Object, java.lang.Object, java.lang.Object)'> (0x000000070e01eca8) 
thrown [s\src\hotspot\share\interpreter\linkResolver.cpp, line 759]

VM Operations (20 events):
Event: 2.520 Executing VM operation: HandshakeAllThreads
Event: 2.520 Executing VM operation: HandshakeAllThreads done
Event: 2.741 Executing VM operation: HandshakeAllThreads
Event: 2.741 Executing VM operation: HandshakeAllThreads done
Event: 2.839 Executing VM operation: ICBufferFull
Event: 2.839 Executing VM operation: ICBufferFull done
Event: 2.841 Executing VM operation: HandshakeAllThreads
Event: 2.841 Executing VM operation: HandshakeAllThreads done
Event: 2.921 Executing VM operation: HandshakeAllThreads
Event: 2.921 Executing VM operation: HandshakeAllThreads done
Event: 2.936 Executing VM operation: CollectForMetadataAllocation
Event: 2.943 Executing VM operation: CollectForMetadataAllocation done
Event: 2.948 Executing VM operation: G1PauseRemark
Event: 2.951 Executing VM operation: G1PauseRemark done
Event: 2.953 Executing VM operation: G1PauseCleanup
Event: 2.953 Executing VM operation: G1PauseCleanup done
Event: 3.965 Executing VM operation: Cleanup
Event: 3.965 Executing VM operation: Cleanup done
Event: 4.148 Executing VM operation: HandshakeAllThreads
Event: 4.148 Executing VM operation: HandshakeAllThreads done

Memory protections (0 events):
No events

Nmethod flushes (0 events):
No events

Events (20 events):
Event: 0.273 Thread 0x00000197a193a010 Thread added: 0x00000198067251e0
Event: 0.287 Thread 0x00000197a193a010 Thread added: 0x000001980671b630
Event: 0.346 Thread 0x000001980603c970 Thread added: 0x00000198067e5520
Event: 0.369 Thread 0x00000198061025e0 Thread added: 0x00000198068a53b0
Event: 1.616 Thread 0x00000198068a53b0 Thread exited: 0x00000198068a53b0
Event: 2.373 Thread 0x000001980603c970 Thread added: 0x000001980c4c6500
Event: 2.373 Thread 0x000001980603c970 Thread added: 0x000001980c4c6a20
Event: 2.375 Thread 0x000001980648fca0 Thread added: 0x000001980b511940
Event: 2.380 Thread 0x00000197c4bd5b50 Thread added: 0x000001980b511e60
Event: 2.538 Thread 0x000001980b511e60 Thread exited: 0x000001980b511e60
Event: 2.672 Thread 0x000001980b511940 Thread exited: 0x000001980b511940
Event: 2.697 Thread 0x00000197a193a010 Thread added: 0x000001980c041c70
Event: 2.709 Thread 0x000001980c4c6a20 Thread exited: 0x000001980c4c6a20
Event: 2.995 Thread 0x00000197a193a010 Thread added: 0x000001980c042690
Event: 3.174 Thread 0x00000197a193a010 Thread added: 0x000001980c042180
Event: 3.237 Thread 0x000001980c042690 Thread added: 0x000001980c042ba0
Event: 3.237 Thread 0x000001980c042690 Thread added: 0x000001980c0430b0
Event: 4.148 Thread 0x000001980c4c6500 Thread exited: 0x000001980c4c6500
Event: 4.148 Thread 0x00000198067e5520 Thread exited: 0x00000198067e5520
Event: 4.148 Thread 0x000001980648fca0 Thread exited: 0x000001980648fca0


Dynamic libraries:
0x00007ff705e80000 - 0x00007ff705e8e000 	C:\Program Files\Microsoft\jdk-17.0.15.6-hotspot\bin\java.exe
0x00007ffdb5fa0000 - 0x00007ffdb6207000 	C:\WINDOWS\SYSTEM32\ntdll.dll
0x00007ffdb4f70000 - 0x00007ffdb5039000 	C:\WINDOWS\System32\KERNEL32.DLL
0x00007ffdb3220000 - 0x00007ffdb3611000 	C:\WINDOWS\System32\KERNELBASE.dll
0x00007ffdb36b0000 - 0x00007ffdb37fb000 	C:\WINDOWS\System32\ucrtbase.dll
0x00007ffdacf70000 - 0x00007ffdacf8d000 	C:\Program Files\Microsoft\jdk-17.0.15.6-hotspot\bin\VCRUNTIME140.dll
0x00007ffdacfc0000 - 0x00007ffdacfd7000 	C:\Program Files\Microsoft\jdk-17.0.15.6-hotspot\bin\jli.dll
0x00007ffdb57d0000 - 0x00007ffdb5995000 	C:\WINDOWS\System32\USER32.dll
0x00007ffdb1c80000 - 0x00007ffdb1f13000 	C:\WINDOWS\WinSxS\amd64_microsoft.windows.common-controls_6595b64144ccf1df_6.0.26100.8037_none_3e092faae333b53b\COMCTL32.dll
0x00007ffdb3c50000 - 0x00007ffdb3c77000 	C:\WINDOWS\System32\win32u.dll
0x00007ffdb4940000 - 0x00007ffdb49e9000 	C:\WINDOWS\System32\msvcrt.dll
0x00007ffdb5c60000 - 0x00007ffdb5c8b000 	C:\WINDOWS\System32\GDI32.dll
0x00007ffdb2880000 - 0x00007ffdb29ab000 	C:\WINDOWS\System32\gdi32full.dll
0x00007ffdb3970000 - 0x00007ffdb3a13000 	C:\WINDOWS\System32\msvcp_win.dll
0x00007ffdb55b0000 - 0x00007ffdb55e1000 	C:\WINDOWS\System32\IMM32.DLL
0x00007ffdad070000 - 0x00007ffdad07c000 	C:\Program Files\Microsoft\jdk-17.0.15.6-hotspot\bin\vcruntime140_1.dll
0x00007ffd7a6a0000 - 0x00007ffd7a72d000 	C:\Program Files\Microsoft\jdk-17.0.15.6-hotspot\bin\msvcp140.dll
0x00007ffc92fc0000 - 0x00007ffc93c32000 	C:\Program Files\Microsoft\jdk-17.0.15.6-hotspot\bin\server\jvm.dll
0x00007ffdb4000000 - 0x00007ffdb40bb000 	C:\WINDOWS\System32\ADVAPI32.dll
0x00007ffdb3eb0000 - 0x00007ffdb3f57000 	C:\WINDOWS\System32\sechost.dll
0x00007ffdb4e50000 - 0x00007ffdb4f68000 	C:\WINDOWS\System32\RPCRT4.dll
0x00007ffdb3f80000 - 0x00007ffdb3ff4000 	C:\WINDOWS\System32\WS2_32.dll
0x00007ffdb26e0000 - 0x00007ffdb273e000 	C:\WINDOWS\SYSTEM32\POWRPROF.dll
0x00007ffdaa860000 - 0x00007ffdaa86b000 	C:\WINDOWS\SYSTEM32\VERSION.dll
0x00007ffdaa650000 - 0x00007ffdaa685000 	C:\WINDOWS\SYSTEM32\WINMM.dll
0x00007ffdb26c0000 - 0x00007ffdb26d4000 	C:\WINDOWS\SYSTEM32\UMPDC.dll
0x00007ffdb0ce0000 - 0x00007ffdb0cfb000 	C:\WINDOWS\SYSTEM32\kernel.appcore.dll
0x00007ffdaa510000 - 0x00007ffdaa51a000 	C:\Program Files\Microsoft\jdk-17.0.15.6-hotspot\bin\jimage.dll
0x00007ffdb2050000 - 0x00007ffdb2292000 	C:\WINDOWS\SYSTEM32\DBGHELP.DLL
0x00007ffdb4ac0000 - 0x00007ffdb4e42000 	C:\WINDOWS\System32\combase.dll
0x00007ffdb5040000 - 0x00007ffdb5117000 	C:\WINDOWS\System32\OLEAUT32.dll
0x00007ffdb1f20000 - 0x00007ffdb1f5b000 	C:\WINDOWS\SYSTEM32\dbgcore.DLL
0x00007ffdb3ba0000 - 0x00007ffdb3c45000 	C:\WINDOWS\System32\bcryptPrimitives.dll
0x00007ffd9ee20000 - 0x00007ffd9ee45000 	C:\Program Files\Microsoft\jdk-17.0.15.6-hotspot\bin\java.dll
0x00007ffd73440000 - 0x00007ffd73516000 	C:\Program Files\Microsoft\jdk-17.0.15.6-hotspot\bin\jsvml.dll
0x00007ffdb40c0000 - 0x00007ffdb481f000 	C:\WINDOWS\System32\SHELL32.dll
0x00007ffdb3800000 - 0x00007ffdb396a000 	C:\WINDOWS\System32\wintypes.dll
0x00007ffdb29b0000 - 0x00007ffdb3214000 	C:\WINDOWS\System32\windows.storage.dll
0x00007ffdb5df0000 - 0x00007ffdb5ee7000 	C:\WINDOWS\System32\SHCORE.dll
0x00007ffdb5ef0000 - 0x00007ffdb5f57000 	C:\WINDOWS\System32\shlwapi.dll
0x00007ffdb27a0000 - 0x00007ffdb27c9000 	C:\WINDOWS\SYSTEM32\profapi.dll
0x00007ffda00f0000 - 0x00007ffda010a000 	C:\Program Files\Microsoft\jdk-17.0.15.6-hotspot\bin\net.dll
0x00007ffdaae70000 - 0x00007ffdaaf97000 	C:\WINDOWS\SYSTEM32\WINHTTP.dll
0x00007ffdb1210000 - 0x00007ffdb127b000 	C:\WINDOWS\system32\mswsock.dll
0x00007ffd9f420000 - 0x00007ffd9f436000 	C:\Program Files\Microsoft\jdk-17.0.15.6-hotspot\bin\nio.dll
0x00007ffd9ee90000 - 0x00007ffd9eea8000 	C:\Program Files\Microsoft\jdk-17.0.15.6-hotspot\bin\zip.dll
0x00007ffda6df0000 - 0x00007ffda6dfa000 	C:\Program Files\Microsoft\jdk-17.0.15.6-hotspot\bin\management.dll
0x00007ffd9eab0000 - 0x00007ffd9eabb000 	C:\Program Files\Microsoft\jdk-17.0.15.6-hotspot\bin\management_ext.dll
0x00007ffdb5c50000 - 0x00007ffdb5c58000 	C:\WINDOWS\System32\PSAPI.DLL
0x00007ffdaa500000 - 0x00007ffdaa510000 	C:\Program Files\Microsoft\jdk-17.0.15.6-hotspot\bin\verify.dll
0x00007ffdb23a0000 - 0x00007ffdb23bb000 	C:\WINDOWS\SYSTEM32\CRYPTSP.dll
0x00007ffdb1350000 - 0x00007ffdb1389000 	C:\WINDOWS\system32\rsaenh.dll
0x00007ffdb12c0000 - 0x00007ffdb12f2000 	C:\WINDOWS\SYSTEM32\USERENV.dll
0x00007ffdb2770000 - 0x00007ffdb279a000 	C:\WINDOWS\SYSTEM32\bcrypt.dll
0x00007ffdb19c0000 - 0x00007ffdb19cc000 	C:\WINDOWS\SYSTEM32\CRYPTBASE.dll
0x00007ffdb0740000 - 0x00007ffdb0773000 	C:\WINDOWS\SYSTEM32\IPHLPAPI.DLL
0x00007ffdb3ea0000 - 0x00007ffdb3eaa000 	C:\WINDOWS\System32\NSI.dll
0x00007ffdac740000 - 0x00007ffdac75d000 	C:\WINDOWS\SYSTEM32\dhcpcsvc6.DLL
0x00007ffdac550000 - 0x00007ffdac573000 	C:\WINDOWS\SYSTEM32\dhcpcsvc.DLL
0x00007ffdb07e0000 - 0x00007ffdb090a000 	C:\WINDOWS\SYSTEM32\DNSAPI.dll
0x00007ffd9eaa0000 - 0x00007ffd9eaae000 	C:\Program Files\Microsoft\jdk-17.0.15.6-hotspot\bin\sunmscapi.dll
0x00007ffdb3a20000 - 0x00007ffdb3b97000 	C:\WINDOWS\System32\CRYPT32.dll
0x00007ffdb1a00000 - 0x00007ffdb1a30000 	C:\WINDOWS\SYSTEM32\ncrypt.dll
0x00007ffdb1870000 - 0x00007ffdb18af000 	C:\WINDOWS\SYSTEM32\NTASN1.dll
0x00007ffd36c50000 - 0x00007ffd36c58000 	C:\WINDOWS\system32\wshunix.dll
0x00007ffd9e940000 - 0x00007ffd9e949000 	C:\Program Files\Microsoft\jdk-17.0.15.6-hotspot\bin\extnet.dll
0x00007ffdaa850000 - 0x00007ffdaa85b000 	C:\Windows\System32\rasadhlp.dll
0x00007ffdac920000 - 0x00007ffdac9a6000 	C:\WINDOWS\System32\fwpuclnt.dll

dbghelp: loaded successfully - version: 4.0.5 - missing functions: none
symbol engine: initialized successfully - sym options: 0x614 - pdb path: .;C:\Program Files\Microsoft\jdk-17.0.15.6-hotspot\bin;C:\WINDOWS\SYSTEM32;C:\WINDOWS\WinSxS\amd64_microsoft.windows.common-controls_6595b64144ccf1df_6.0.26100.8037_none_3e092faae333b53b;C:\Program Files\Microsoft\jdk-17.0.15.6-hotspot\bin\server

VM Arguments:
java_command: C:\Users\ASUS\AppData\Local\Temp\surefire375848671600241277\surefirebooter-20260406113800476_3.jar C:\Users\ASUS\AppData\Local\Temp\surefire375848671600241277 2026-04-06T11-38-00_096-jvmRun1 surefire-20260406113800476_1tmp surefire_0-20260406113800476_2tmp
java_class_path (initial): C:\Users\ASUS\AppData\Local\Temp\surefire375848671600241277\surefirebooter-20260406113800476_3.jar
Launcher Type: SUN_STANDARD

[Global flags]
     intx CICompilerCount                          = 12                                        {product} {ergonomic}
     uint ConcGCThreads                            = 3                                         {product} {ergonomic}
     uint G1ConcRefinementThreads                  = 13                                        {product} {ergonomic}
   size_t G1HeapRegionSize                         = 2097152                                   {product} {ergonomic}
    uintx GCDrainStackTargetSize                   = 64                                        {product} {ergonomic}
   size_t InitialHeapSize                          = 257949696                                 {product} {ergonomic}
   size_t MarkStackSize                            = 4194304                                   {product} {ergonomic}
   size_t MaxHeapSize                              = 4097835008                                {product} {ergonomic}
   size_t MaxNewSize                               = 2457862144                                {product} {ergonomic}
   size_t MinHeapDeltaBytes                        = 2097152                                   {product} {ergonomic}
   size_t MinHeapSize                              = 8388608                                   {product} {ergonomic}
    uintx NonNMethodCodeHeapSize                   = 7602480                                {pd product} {ergonomic}
    uintx NonProfiledCodeHeapSize                  = 122027880                              {pd product} {ergonomic}
    uintx ProfiledCodeHeapSize                     = 122027880                              {pd product} {ergonomic}
    uintx ReservedCodeCacheSize                    = 251658240                              {pd product} {ergonomic}
     bool SegmentedCodeCache                       = true                                      {product} {ergonomic}
   size_t SoftMaxHeapSize                          = 4097835008                             {manageable} {ergonomic}
     bool UseCompressedClassPointers               = true                           {product lp64_product} {ergonomic}
     bool UseCompressedOops                        = true                           {product lp64_product} {ergonomic}
     bool UseG1GC                                  = true                                      {product} {ergonomic}
     bool UseLargePagesIndividualAllocation        = false                                  {pd product} {ergonomic}

Logging:
Log output configuration:
 #0: stdout all=warning uptime,level,tags
 #1: stderr all=off uptime,level,tags

Environment Variables:
JAVA_HOME=C:\Program Files\Microsoft\jdk-17.0.15.6-hotspot
PATH=C:\Users\ASUS\AppData\Local\Programs\Microsoft VS Code;C:\Program Files\Common Files\Oracle\Java\javapath;C:\Program Files\Microsoft\jdk-17.0.15.6-hotspot\bin;C:\Windows\system32;C:\Windows;C:\Windows\System32\Wbem;C:\Windows\System32\WindowsPowerShell\v1.0\;C:\Windows\System32\OpenSSH\;C:\Program Files (x86)\NVIDIA Corporation\PhysX\Common;C:\Program Files\NVIDIA Corporation\NVIDIA NvDLISR;C:\WINDOWS\system32;C:\WINDOWS;C:\WINDOWS\System32\Wbem;C:\WINDOWS\System32\WindowsPowerShell\v1.0\;C:\WINDOWS\System32\OpenSSH\;C:\Program Files\dotnet\;C:\Program Files\Git\cmd;c:\Users\ASUS\AppData\Local\Programs\cursor\resources\app\bin;C:\ProgramData\chocolatey\bin;C:\Program Files\nodejs\;C:\Users\ASUS\AppData\Local\Android\Sdk;C:\Users\ASUS\AppData\Local\Android\Sdk\platform-tools;C:\Users\ASUS\AppData\Local\Android\Sdk\platforms;C:\Users\ASUS\AppData\Local\Android\Sdk\emulator;C:\Users\ASUS\AppData\Local\Android\Sdk\build-tools;C:\WINDOWS\system32;C:\WINDOWS;C:\WINDOWS\System32\Wbem;C:\WINDOWS\System32\WindowsPowerShell\v1.0\;C:\WINDOWS\System32\OpenSSH\;C:\Program Files\Docker\Docker\resources\bin;C:\Program Files\PostgreSQL\17\bin;C:\Program Files\Apache\Maven\apache-maven-3.9.13\bin;c:\Users\ASUS\AppData\Local\Programs\Trae\bin;C:\Program Files\MySQL\MySQL Shell 8.0\bin\;C:\Users\ASUS\AppData\Local\Android\Sdk\tools;C:\Users\ASUS\AppData\Local\Programs\Python\Python313\Scripts\;C:\Users\ASUS\AppData\Local\Programs\Python\Python313\;C:\Users\ASUS\AppData\Local\Programs\Python\Launcher\;C:\Users\ASUS\AppData\Local\Microsoft\WindowsApps;C:\Users\ASUS\AppData\Local\Programs\Microsoft VS Code\bin;C:\Program Files\JetBrains\IntelliJ IDEA Community Edition 2024.1.3\bin;C:\Users\ASUS\AppData\Local\Programs\cursor\resources\app\bin;C:\Users\ASUS\AppData\Roaming\npm;c:\Users\ASUS\.vscode\extensions\vscjava.vscode-java-debug-0.58.5\bundled\scripts\noConfigScripts
USERNAME=ASUS
LANG=en_US.UTF-8
OS=Windows_NT
PROCESSOR_IDENTIFIER=AMD64 Family 25 Model 68 Stepping 1, AuthenticAMD
TMP=C:\Users\ASUS\AppData\Local\Temp
TEMP=C:\Users\ASUS\AppData\Local\Temp



Periodic native trim disabled


---------------  S Y S T E M  ---------------

OS:
 Windows 11 , 64 bit Build 26100 (10.0.26100.7920)
OS uptime: 4 days 1:07 hours
Hyper-V role detected

CPU: total 16 (initial active 16) (16 cores per cpu, 2 threads per core) family 25 model 68 stepping 1 microcode 0xa404102, cx8, cmov, fxsr, ht, mmx, 3dnowpref, sse, sse2, sse3, ssse3, sse4a, sse4.1, sse4.2, popcnt, lzcnt, tsc, tscinvbit, avx, avx2, aes, erms, clmul, bmi1, bmi2, adx, sha, fma, vzeroupper, clflush, clflushopt, hv
Processor Information for the first 16 processors :
  Max Mhz: 3201, Current Mhz: 2508, Mhz Limit: 3201

Memory: 4k page, system-wide physical 15628M (1709M free)
TotalPageFile size 27043M (AvailPageFile size 12M)
current process WorkingSet (physical memory assigned to process): 134M, peak: 152M
current process commit charge ("private bytes"): 212M, peak: 399M

vm_info: OpenJDK 64-Bit Server VM (17.0.15+6-LTS) for windows-amd64 JRE (17.0.15+6-LTS), built on Apr  9 2025 22:27:25 by "MicrosoftCorporation" with unknown MS VC++:1939

END.
